Arguments: 
  /home/zakysyahab/.nvm/versions/node/v12.5.0/bin/node /home/zakysyahab/.nvm/versions/node/v12.5.0/bin/yarn start

PATH: 
  /home/zakysyahab/.nvm/versions/node/v12.5.0/bin:/usr/local/sbin:/usr/local/bin:/usr/sbin:/usr/bin:/sbin:/bin:/usr/games:/usr/local/games:/snap/bin

Yarn version: 
  1.16.0

Node version: 
  12.5.0

Platform: 
  linux x64

Trace: 
  SyntaxError: /home/zakysyahab/Desktop/igneel/project-oop/package.json: Unexpected token } in JSON at position 170
      at JSON.parse (<anonymous>)
      at /home/zakysyahab/.nvm/versions/node/v12.5.0/lib/node_modules/yarn/lib/cli.js:1625:59
      at Generator.next (<anonymous>)
      at step (/home/zakysyahab/.nvm/versions/node/v12.5.0/lib/node_modules/yarn/lib/cli.js:304:30)
      at /home/zakysyahab/.nvm/versions/node/v12.5.0/lib/node_modules/yarn/lib/cli.js:315:13

npm manifest: 
  {
    "name": "project-oop",
    "version": "1.0.0",
    "main": "index.js",
    "scripts": {
      "start": "node index.js"
    },
    "repository": {"https://github.com/zakysyahab14"},
    "author" : "zaky",
    "license": "MIT"
  }

yarn manifest: 
  No manifest

Lockfile: 
  No lockfile
